<?xml version="1.0" encoding="UTF-8"?>
<testng-results ignored="0" total="10" passed="9" failed="1" skipped="0">
  <reporter-output>
  </reporter-output>
  <suite started-at="2022-04-03T12:49:32 MSK" name="Все тесты" finished-at="2022-04-03T12:51:33 MSK" duration-ms="121433">
    <groups>
    </groups>
    <test started-at="2022-04-03T12:49:32 MSK" name="Тесты Корзины" finished-at="2022-04-03T12:50:05 MSK" duration-ms="33346">
      <class name="test.BasketPageTest">
        <test-method is-config="true" signature="openHome()[pri:0, instance:test.BasketPageTest@50acf55d]" started-at="2022-04-03T12:49:32 MSK" name="openHome" finished-at="2022-04-03T12:49:45 MSK" duration-ms="13144" status="PASS">
          <reporter-output>
          </reporter-output>
        </test-method> <!-- openHome -->
        <test-method signature="checkAddTwoProductsInBasket()[pri:0, instance:test.BasketPageTest@50acf55d]" started-at="2022-04-03T12:49:45 MSK" name="checkAddTwoProductsInBasket" finished-at="2022-04-03T12:49:54 MSK" duration-ms="9127" status="PASS">
          <reporter-output>
          </reporter-output>
        </test-method> <!-- checkAddTwoProductsInBasket -->
        <test-method is-config="true" signature="closeDriver()[pri:0, instance:test.BasketPageTest@50acf55d]" started-at="2022-04-03T12:49:54 MSK" name="closeDriver" finished-at="2022-04-03T12:49:55 MSK" duration-ms="968" status="PASS">
          <reporter-output>
          </reporter-output>
        </test-method> <!-- closeDriver -->
        <test-method is-config="true" signature="openHome()[pri:0, instance:test.BasketPageTest@50acf55d]" started-at="2022-04-03T12:49:55 MSK" name="openHome" finished-at="2022-04-03T12:49:59 MSK" duration-ms="3793" status="PASS">
          <reporter-output>
          </reporter-output>
        </test-method> <!-- openHome -->
        <test-method signature="transitionBasket()[pri:0, instance:test.BasketPageTest@50acf55d]" started-at="2022-04-03T12:49:59 MSK" name="transitionBasket" finished-at="2022-04-03T12:50:04 MSK" duration-ms="5032" status="FAIL">
          <exception class="java.lang.AssertionError">
            <message>
              <![CDATA[Заголовок 'Моя корзина' не отображается. Возможно из-за того, что в корзине не было товаров на момент её открытия expected [true] but found [false]]]>
            </message>
            <full-stacktrace>
              <![CDATA[java.lang.AssertionError: Заголовок 'Моя корзина' не отображается. Возможно из-за того, что в корзине не было товаров на момент её открытия expected [true] but found [false]
at org.testng.Assert.fail(Assert.java:110)
at org.testng.Assert.failNotEquals(Assert.java:1413)
at org.testng.Assert.assertTrue(Assert.java:56)
at steps.BasketPageSteps.checkBasketTitle(BasketPageSteps.java:68)
at test.BasketPageTest.transitionBasket(BasketPageTest.java:28)
at java.base/jdk.internal.reflect.NativeMethodAccessorImpl.invoke0(Native Method)
at java.base/jdk.internal.reflect.NativeMethodAccessorImpl.invoke(NativeMethodAccessorImpl.java:77)
at java.base/jdk.internal.reflect.DelegatingMethodAccessorImpl.invoke(DelegatingMethodAccessorImpl.java:43)
at java.base/java.lang.reflect.Method.invoke(Method.java:568)
at org.testng.internal.invokers.MethodInvocationHelper.invokeMethod(MethodInvocationHelper.java:135)
at org.testng.internal.invokers.TestInvoker.invokeMethod(TestInvoker.java:673)
at org.testng.internal.invokers.TestInvoker.invokeTestMethod(TestInvoker.java:220)
at org.testng.internal.invokers.MethodRunner.runInSequence(MethodRunner.java:50)
at org.testng.internal.invokers.TestInvoker$MethodInvocationAgent.invoke(TestInvoker.java:945)
at org.testng.internal.invokers.TestInvoker.invokeTestMethods(TestInvoker.java:193)
at org.testng.internal.invokers.TestMethodWorker.invokeTestMethods(TestMethodWorker.java:146)
at org.testng.internal.invokers.TestMethodWorker.run(TestMethodWorker.java:128)
at java.base/java.util.ArrayList.forEach(ArrayList.java:1511)
at org.testng.TestRunner.privateRun(TestRunner.java:808)
at org.testng.TestRunner.run(TestRunner.java:603)
at org.testng.SuiteRunner.runTest(SuiteRunner.java:429)
at org.testng.SuiteRunner.runSequentially(SuiteRunner.java:423)
at org.testng.SuiteRunner.privateRun(SuiteRunner.java:383)
at org.testng.SuiteRunner.run(SuiteRunner.java:326)
at org.testng.SuiteRunnerWorker.runSuite(SuiteRunnerWorker.java:52)
at org.testng.SuiteRunnerWorker.run(SuiteRunnerWorker.java:95)
at org.testng.TestNG.runSuitesSequentially(TestNG.java:1249)
at org.testng.TestNG.runSuitesLocally(TestNG.java:1169)
at org.testng.TestNG.runSuites(TestNG.java:1092)
at org.testng.TestNG.run(TestNG.java:1060)
at org.apache.maven.surefire.testng.TestNGExecutor.run(TestNGExecutor.java:283)
at org.apache.maven.surefire.testng.TestNGXmlTestSuite.execute(TestNGXmlTestSuite.java:75)
at org.apache.maven.surefire.testng.TestNGProvider.invoke(TestNGProvider.java:120)
at org.apache.maven.surefire.booter.ForkedBooter.runSuitesInProcess(ForkedBooter.java:377)
at org.apache.maven.surefire.booter.ForkedBooter.execute(ForkedBooter.java:138)
at org.apache.maven.surefire.booter.ForkedBooter.run(ForkedBooter.java:465)
at org.apache.maven.surefire.booter.ForkedBooter.main(ForkedBooter.java:451)
]]>
            </full-stacktrace>
          </exception> <!-- java.lang.AssertionError -->
          <reporter-output>
          </reporter-output>
        </test-method> <!-- transitionBasket -->
        <test-method is-config="true" signature="closeDriver()[pri:0, instance:test.BasketPageTest@50acf55d]" started-at="2022-04-03T12:50:04 MSK" name="closeDriver" finished-at="2022-04-03T12:50:05 MSK" duration-ms="878" status="PASS">
          <reporter-output>
          </reporter-output>
        </test-method> <!-- closeDriver -->
      </class> <!-- test.BasketPageTest -->
    </test> <!-- Тесты Корзины -->
    <test started-at="2022-04-03T12:50:05 MSK" name="Тесты домашней страницы" finished-at="2022-04-03T12:50:41 MSK" duration-ms="35732">
      <class name="test.HomePageTest">
        <test-method is-config="true" signature="openHome()[pri:0, instance:test.HomePageTest@62a4417]" started-at="2022-04-03T12:50:05 MSK" name="openHome" finished-at="2022-04-03T12:50:10 MSK" duration-ms="4924" status="PASS">
          <reporter-output>
          </reporter-output>
        </test-method> <!-- openHome -->
        <test-method signature="checkActivationBasketHeader()[pri:0, instance:test.HomePageTest@62a4417]" started-at="2022-04-03T12:50:10 MSK" name="checkActivationBasketHeader" finished-at="2022-04-03T12:50:12 MSK" duration-ms="1677" status="PASS">
          <reporter-output>
          </reporter-output>
        </test-method> <!-- checkActivationBasketHeader -->
        <test-method is-config="true" signature="closeDriver()[pri:0, instance:test.HomePageTest@62a4417]" started-at="2022-04-03T12:50:12 MSK" name="closeDriver" finished-at="2022-04-03T12:50:15 MSK" duration-ms="2815" status="PASS">
          <reporter-output>
          </reporter-output>
        </test-method> <!-- closeDriver -->
        <test-method is-config="true" signature="openHome()[pri:0, instance:test.HomePageTest@62a4417]" started-at="2022-04-03T12:50:15 MSK" name="openHome" finished-at="2022-04-03T12:50:20 MSK" duration-ms="4779" status="PASS">
          <reporter-output>
          </reporter-output>
        </test-method> <!-- openHome -->
        <test-method signature="checkAuthorisationWindow()[pri:0, instance:test.HomePageTest@62a4417]" started-at="2022-04-03T12:50:20 MSK" name="checkAuthorisationWindow" finished-at="2022-04-03T12:50:22 MSK" duration-ms="1953" status="PASS">
          <reporter-output>
          </reporter-output>
        </test-method> <!-- checkAuthorisationWindow -->
        <test-method is-config="true" signature="closeDriver()[pri:0, instance:test.HomePageTest@62a4417]" started-at="2022-04-03T12:50:22 MSK" name="closeDriver" finished-at="2022-04-03T12:50:22 MSK" duration-ms="990" status="PASS">
          <reporter-output>
          </reporter-output>
        </test-method> <!-- closeDriver -->
        <test-method is-config="true" signature="openHome()[pri:0, instance:test.HomePageTest@62a4417]" started-at="2022-04-03T12:50:22 MSK" name="openHome" finished-at="2022-04-03T12:50:26 MSK" duration-ms="3877" status="PASS">
          <reporter-output>
          </reporter-output>
        </test-method> <!-- openHome -->
        <test-method signature="checkEditCity()[pri:0, instance:test.HomePageTest@62a4417]" started-at="2022-04-03T12:50:26 MSK" name="checkEditCity" finished-at="2022-04-03T12:50:34 MSK" duration-ms="7125" status="PASS">
          <reporter-output>
          </reporter-output>
        </test-method> <!-- checkEditCity -->
        <test-method is-config="true" signature="closeDriver()[pri:0, instance:test.HomePageTest@62a4417]" started-at="2022-04-03T12:50:34 MSK" name="closeDriver" finished-at="2022-04-03T12:50:34 MSK" duration-ms="728" status="PASS">
          <reporter-output>
          </reporter-output>
        </test-method> <!-- closeDriver -->
        <test-method is-config="true" signature="openHome()[pri:0, instance:test.HomePageTest@62a4417]" started-at="2022-04-03T12:50:34 MSK" name="openHome" finished-at="2022-04-03T12:50:39 MSK" duration-ms="4492" status="PASS">
          <reporter-output>
          </reporter-output>
        </test-method> <!-- openHome -->
        <test-method signature="checkHeaderButtonsActiveAndDisplayed()[pri:0, instance:test.HomePageTest@62a4417]" started-at="2022-04-03T12:50:39 MSK" name="checkHeaderButtonsActiveAndDisplayed" finished-at="2022-04-03T12:50:40 MSK" duration-ms="1484" status="PASS">
          <reporter-output>
          </reporter-output>
        </test-method> <!-- checkHeaderButtonsActiveAndDisplayed -->
        <test-method is-config="true" signature="closeDriver()[pri:0, instance:test.HomePageTest@62a4417]" started-at="2022-04-03T12:50:40 MSK" name="closeDriver" finished-at="2022-04-03T12:50:41 MSK" duration-ms="870" status="PASS">
          <reporter-output>
          </reporter-output>
        </test-method> <!-- closeDriver -->
      </class> <!-- test.HomePageTest -->
    </test> <!-- Тесты домашней страницы -->
    <test started-at="2022-04-03T12:50:41 MSK" name="Тесты листинга" finished-at="2022-04-03T12:51:03 MSK" duration-ms="22313">
      <class name="test.ListingPageTest">
        <test-method is-config="true" signature="openHome()[pri:0, instance:test.ListingPageTest@30e6a763]" started-at="2022-04-03T12:50:41 MSK" name="openHome" finished-at="2022-04-03T12:50:46 MSK" duration-ms="4776" status="PASS">
          <reporter-output>
          </reporter-output>
        </test-method> <!-- openHome -->
        <test-method signature="checkSearchProducts()[pri:0, instance:test.ListingPageTest@30e6a763]" started-at="2022-04-03T12:50:46 MSK" name="checkSearchProducts" finished-at="2022-04-03T12:50:49 MSK" duration-ms="3549" status="PASS">
          <reporter-output>
          </reporter-output>
        </test-method> <!-- checkSearchProducts -->
        <test-method is-config="true" signature="closeDriver()[pri:0, instance:test.ListingPageTest@30e6a763]" started-at="2022-04-03T12:50:49 MSK" name="closeDriver" finished-at="2022-04-03T12:50:52 MSK" duration-ms="2718" status="PASS">
          <reporter-output>
          </reporter-output>
        </test-method> <!-- closeDriver -->
        <test-method is-config="true" signature="openHome()[pri:0, instance:test.ListingPageTest@30e6a763]" started-at="2022-04-03T12:50:52 MSK" name="openHome" finished-at="2022-04-03T12:50:56 MSK" duration-ms="3470" status="PASS">
          <reporter-output>
          </reporter-output>
        </test-method> <!-- openHome -->
        <test-method signature="checkSortInListing()[pri:0, instance:test.ListingPageTest@30e6a763]" started-at="2022-04-03T12:50:56 MSK" name="checkSortInListing" finished-at="2022-04-03T12:51:03 MSK" duration-ms="6992" status="PASS">
          <reporter-output>
          </reporter-output>
        </test-method> <!-- checkSortInListing -->
        <test-method is-config="true" signature="closeDriver()[pri:0, instance:test.ListingPageTest@30e6a763]" started-at="2022-04-03T12:51:03 MSK" name="closeDriver" finished-at="2022-04-03T12:51:03 MSK" duration-ms="797" status="PASS">
          <reporter-output>
          </reporter-output>
        </test-method> <!-- closeDriver -->
      </class> <!-- test.ListingPageTest -->
    </test> <!-- Тесты листинга -->
    <test started-at="2022-04-03T12:51:03 MSK" name="Тесты страницы сравнения" finished-at="2022-04-03T12:51:17 MSK" duration-ms="13835">
      <class name="test.ComparisonPageTest">
        <test-method is-config="true" signature="openHome()[pri:0, instance:test.ComparisonPageTest@3cff0139]" started-at="2022-04-03T12:51:03 MSK" name="openHome" finished-at="2022-04-03T12:51:10 MSK" duration-ms="6697" status="PASS">
          <reporter-output>
          </reporter-output>
        </test-method> <!-- openHome -->
        <test-method signature="checkAddComparison()[pri:0, instance:test.ComparisonPageTest@3cff0139]" started-at="2022-04-03T12:51:10 MSK" name="checkAddComparison" finished-at="2022-04-03T12:51:16 MSK" duration-ms="6345" status="PASS">
          <reporter-output>
          </reporter-output>
        </test-method> <!-- checkAddComparison -->
        <test-method is-config="true" signature="closeDriver()[pri:0, instance:test.ComparisonPageTest@3cff0139]" started-at="2022-04-03T12:51:16 MSK" name="closeDriver" finished-at="2022-04-03T12:51:17 MSK" duration-ms="787" status="PASS">
          <reporter-output>
          </reporter-output>
        </test-method> <!-- closeDriver -->
      </class> <!-- test.ComparisonPageTest -->
    </test> <!-- Тесты страницы сравнения -->
    <test started-at="2022-04-03T12:51:17 MSK" name="Тесты страницы избранных товаров" finished-at="2022-04-03T12:51:33 MSK" duration-ms="16160">
      <class name="test.FavoritePageTest">
        <test-method is-config="true" signature="configOption()[pri:0, instance:test.FavoritePageTest@11d4dbd6]" started-at="2022-04-03T12:49:32 MSK" name="configOption" finished-at="2022-04-03T12:49:32 MSK" duration-ms="28" status="PASS">
          <reporter-output>
          </reporter-output>
        </test-method> <!-- configOption -->
        <test-method is-config="true" signature="openHome()[pri:0, instance:test.FavoritePageTest@11d4dbd6]" started-at="2022-04-03T12:51:17 MSK" name="openHome" finished-at="2022-04-03T12:51:26 MSK" duration-ms="8794" status="PASS">
          <reporter-output>
          </reporter-output>
        </test-method> <!-- openHome -->
        <test-method signature="checkAddFavorites()[pri:0, instance:test.FavoritePageTest@11d4dbd6]" started-at="2022-04-03T12:51:26 MSK" name="checkAddFavorites" finished-at="2022-04-03T12:51:33 MSK" duration-ms="6540" status="PASS">
          <reporter-output>
          </reporter-output>
        </test-method> <!-- checkAddFavorites -->
        <test-method is-config="true" signature="closeDriver()[pri:0, instance:test.FavoritePageTest@11d4dbd6]" started-at="2022-04-03T12:51:33 MSK" name="closeDriver" finished-at="2022-04-03T12:51:33 MSK" duration-ms="821" status="PASS">
          <reporter-output>
          </reporter-output>
        </test-method> <!-- closeDriver -->
      </class> <!-- test.FavoritePageTest -->
    </test> <!-- Тесты страницы избранных товаров -->
  </suite> <!-- Все тесты -->
</testng-results>
