<?xml version="1.0" encoding="UTF-8"?>
<!-- Generated by org.testng.reporters.JUnitXMLReporter -->
<testsuite ignored="0" hostname="WIN-0Q8B1C86QQD" failures="1" tests="2" name="Тесты Корзины" time="33.346" errors="0" timestamp="2022-04-03T12:50:05 MSK">
  <testcase classname="test.BasketPageTest" name="checkAddTwoProductsInBasket" time="9.127"/>
  <testcase classname="test.BasketPageTest" name="transitionBasket" time="5.032">
    <failure type="java.lang.AssertionError" message="Заголовок &amp;apos;Моя корзина&amp;apos; не отображается. Возможно из-за того, что в корзине не было товаров на момент её открытия expected [true] but found [false]">
      <![CDATA[java.lang.AssertionError: Заголовок 'Моя корзина' не отображается. Возможно из-за того, что в корзине не было товаров на момент её открытия expected [true] but found [false]
at steps.BasketPageSteps.checkBasketTitle(BasketPageSteps.java:68)
at test.BasketPageTest.transitionBasket(BasketPageTest.java:28)
at java.base/java.util.ArrayList.forEach(ArrayList.java:1511)
... Removed 34 stack frames]]>
    </failure>
  </testcase> <!-- transitionBasket -->
</testsuite> <!-- Тесты Корзины -->
